Determining if the pthread_create exist failed with the following output:
Change Dir: /home/eslam/ROS_Course/Day 4/package/CMakeFiles/CMakeTmp

Run Build Command:"/usr/bin/make" "cmTC_e409e/fast"
/usr/bin/make -f CMakeFiles/cmTC_e409e.dir/build.make CMakeFiles/cmTC_e409e.dir/build
make[1]: Entering directory '/home/eslam/ROS_Course/Day 4/package/CMakeFiles/CMakeTmp'
Building C object CMakeFiles/cmTC_e409e.dir/CheckSymbolExists.c.o
/usr/bin/cc    -o CMakeFiles/cmTC_e409e.dir/CheckSymbolExists.c.o   -c "/home/eslam/ROS_Course/Day 4/package/CMakeFiles/CMakeTmp/CheckSymbolExists.c"
Linking C executable cmTC_e409e
/usr/bin/cmake -E cmake_link_script CMakeFiles/cmTC_e409e.dir/link.txt --verbose=1
/usr/bin/cc      -rdynamic CMakeFiles/cmTC_e409e.dir/CheckSymbolExists.c.o  -o cmTC_e409e 
CMakeFiles/cmTC_e409e.dir/CheckSymbolExists.c.o: In function `main':
CheckSymbolExists.c:(.text+0x1b): undefined reference to `pthread_create'
collect2: error: ld returned 1 exit status
CMakeFiles/cmTC_e409e.dir/build.make:97: recipe for target 'cmTC_e409e' failed
make[1]: *** [cmTC_e409e] Error 1
make[1]: Leaving directory '/home/eslam/ROS_Course/Day 4/package/CMakeFiles/CMakeTmp'
Makefile:126: recipe for target 'cmTC_e409e/fast' failed
make: *** [cmTC_e409e/fast] Error 2

File /home/eslam/ROS_Course/Day 4/package/CMakeFiles/CMakeTmp/CheckSymbolExists.c:
/* */
#include <pthread.h>

int main(int argc, char** argv)
{
  (void)argv;
#ifndef pthread_create
  return ((int*)(&pthread_create))[argc];
#else
  (void)argc;
  return 0;
#endif
}

Determining if the function pthread_create exists in the pthreads failed with the following output:
Change Dir: /home/eslam/ROS_Course/Day 4/package/CMakeFiles/CMakeTmp

Run Build Command:"/usr/bin/make" "cmTC_1573e/fast"
/usr/bin/make -f CMakeFiles/cmTC_1573e.dir/build.make CMakeFiles/cmTC_1573e.dir/build
make[1]: Entering directory '/home/eslam/ROS_Course/Day 4/package/CMakeFiles/CMakeTmp'
Building C object CMakeFiles/cmTC_1573e.dir/CheckFunctionExists.c.o
/usr/bin/cc   -DCHECK_FUNCTION_EXISTS=pthread_create   -o CMakeFiles/cmTC_1573e.dir/CheckFunctionExists.c.o   -c /usr/share/cmake-3.10/Modules/CheckFunctionExists.c
Linking C executable cmTC_1573e
/usr/bin/cmake -E cmake_link_script CMakeFiles/cmTC_1573e.dir/link.txt --verbose=1
/usr/bin/cc  -DCHECK_FUNCTION_EXISTS=pthread_create    -rdynamic CMakeFiles/cmTC_1573e.dir/CheckFunctionExists.c.o  -o cmTC_1573e -lpthreads 
/usr/bin/ld: cannot find -lpthreads
collect2: error: ld returned 1 exit status
CMakeFiles/cmTC_1573e.dir/build.make:97: recipe for target 'cmTC_1573e' failed
make[1]: *** [cmTC_1573e] Error 1
make[1]: Leaving directory '/home/eslam/ROS_Course/Day 4/package/CMakeFiles/CMakeTmp'
Makefile:126: recipe for target 'cmTC_1573e/fast' failed
make: *** [cmTC_1573e/fast] Error 2


